<?xml version="1.0" encoding="UTF-8"?>
<!-- Generated by org.testng.reporters.JUnitXMLReporter -->
<testsuite ignored="0" hostname="DESKTOP-LM8VLMM" failures="1" tests="2" name="Test" time="28.536" errors="0" timestamp="2024-09-29T12:35:36 EDT">
  <testcase classname="testCases.AccountRegistrationTest" name="validateAccountRegistration" time="2.796"/>
  <testcase classname="testCases.LoginTest" name="validateLogin" time="16.537">
    <failure type="java.lang.AssertionError" message="Login Failed expected [true] but found [false]">
      <![CDATA[java.lang.AssertionError: Login Failed expected [true] but found [false]
at testCases.LoginTest.validateLogin(LoginTest.java:39)
at java.base/java.util.ArrayList.forEach(ArrayList.java:1511)
... Removed 32 stack frames]]>
    </failure>
  </testcase> <!-- validateLogin -->
</testsuite> <!-- Test -->
